Tue 07 Mar 2017 23:43:34 DEBUG pypuller.py 1087 6360 command line options read:
Tue 07 Mar 2017 23:43:34 DEBUG pypuller.py 1088 6360 debug = 1
Tue 07 Mar 2017 23:43:34 DEBUG pypuller.py 1089 6360 user = None
Tue 07 Mar 2017 23:43:34 DEBUG pypuller.py 1090 6360 password = None
Tue 07 Mar 2017 23:43:34 DEBUG pypuller.py 1091 6360 host_file = None
Tue 07 Mar 2017 23:43:34 DEBUG pypuller.py 1092 6360 cli_file = None
Tue 07 Mar 2017 23:43:34 DEBUG pypuller.py 1093 6360 log_dir = None
Tue 07 Mar 2017 23:43:34 DEBUG pypuller.py 1094 6360 host_list = []
Tue 07 Mar 2017 23:43:34 DEBUG pypuller.py 1095 6360 cli_list = []
Tue 07 Mar 2017 23:43:34 DEBUG pypuller.py 1096 6360 commit = False
Tue 07 Mar 2017 23:43:34 DEBUG pypuller.py 1199 6360 no yaml_file found or skipped by 'NONE'!
Tue 07 Mar 2017 23:43:47 DEBUG pypuller.py 1087 14528 command line options read:
Tue 07 Mar 2017 23:43:47 DEBUG pypuller.py 1088 14528 debug = 1
Tue 07 Mar 2017 23:43:47 DEBUG pypuller.py 1089 14528 user = 'root'
Tue 07 Mar 2017 23:43:47 DEBUG pypuller.py 1090 14528 password = 'Juniper'
Tue 07 Mar 2017 23:43:47 DEBUG pypuller.py 1091 14528 host_file = None
Tue 07 Mar 2017 23:43:47 DEBUG pypuller.py 1092 14528 cli_file = None
Tue 07 Mar 2017 23:43:47 DEBUG pypuller.py 1093 14528 log_dir = None
Tue 07 Mar 2017 23:43:47 DEBUG pypuller.py 1094 14528 host_list = []
Tue 07 Mar 2017 23:43:47 DEBUG pypuller.py 1095 14528 cli_list = []
Tue 07 Mar 2017 23:43:47 DEBUG pypuller.py 1096 14528 commit = False
Tue 07 Mar 2017 23:43:47 DEBUG pypuller.py 1199 14528 no yaml_file found or skipped by 'NONE'!
Tue 07 Mar 2017 23:43:47 DEBUG pypuller.py 1425 14528 create a Queue as tasks queue
Tue 07 Mar 2017 23:43:47 DEBUG pypuller.py 1427 14528 create a Queue as results queue
Tue 07 Mar 2017 23:43:47 DEBUG pypuller.py 1432 14528 create 0 workers
Tue 07 Mar 2017 23:43:47 DEBUG pypuller.py 1436 14528 start all 0 workers, 1s interval
Tue 07 Mar 2017 23:43:47 DEBUG pypuller.py 1456 14528 put 0 poison tasks
Tue 07 Mar 2017 23:43:47 DEBUG pypuller.py 1461 14528 tasks.join
Tue 07 Mar 2017 23:43:47 INFO pypuller.py 1477 14528 hosts scan result saved to: ./host-lists.txt.result
Tue 07 Mar 2017 23:43:47 DEBUG pypuller.py 454 14528 write to file ./host-lists.txt.result
Tue 07 Mar 2017 23:43:47 DEBUG pypuller.py 454 14528 append to file ./host-lists.txt.result
Tue 07 Mar 2017 23:43:47 DEBUG pypuller.py 454 14528 append to file ./host-lists.txt.result
Tue 07 Mar 2017 23:43:47 DEBUG pypuller.py 454 14528 append to file ./host-lists.txt.result
Tue 07 Mar 2017 23:43:47 DEBUG pypuller.py 454 14528 append to file ./host-lists.txt.result
Tue 07 Mar 2017 23:43:47 WARNING pypuller.py 1489 14528 hosts scan result statistics:
 {'connected': [], 'failed': [], 'scanned': []}
Tue 07 Mar 2017 23:43:47 INFO pypuller.py 1497 14528 ====Task MainProcess runs 0.11 seconds.
Tue 07 Mar 2017 23:44:01 DEBUG pypuller.py 1087 14616 command line options read:
Tue 07 Mar 2017 23:44:01 DEBUG pypuller.py 1088 14616 debug = 1
Tue 07 Mar 2017 23:44:01 DEBUG pypuller.py 1089 14616 user = 'root'
Tue 07 Mar 2017 23:44:01 DEBUG pypuller.py 1090 14616 password = 'Juniper'
Tue 07 Mar 2017 23:44:01 DEBUG pypuller.py 1091 14616 host_file = None
Tue 07 Mar 2017 23:44:01 DEBUG pypuller.py 1092 14616 cli_file = None
Tue 07 Mar 2017 23:44:01 DEBUG pypuller.py 1093 14616 log_dir = None
Tue 07 Mar 2017 23:44:01 DEBUG pypuller.py 1094 14616 host_list = []
Tue 07 Mar 2017 23:44:01 DEBUG pypuller.py 1095 14616 cli_list = []
Tue 07 Mar 2017 23:44:01 DEBUG pypuller.py 1096 14616 commit = False
Tue 07 Mar 2017 23:44:01 DEBUG pypuller.py 1199 14616 no yaml_file found or skipped by 'NONE'!
Tue 07 Mar 2017 23:44:01 DEBUG pypuller.py 1425 14616 create a Queue as tasks queue
Tue 07 Mar 2017 23:44:01 DEBUG pypuller.py 1427 14616 create a Queue as results queue
Tue 07 Mar 2017 23:44:01 DEBUG pypuller.py 1432 14616 create 0 workers
Tue 07 Mar 2017 23:44:01 DEBUG pypuller.py 1436 14616 start all 0 workers, 1s interval
Tue 07 Mar 2017 23:44:01 DEBUG pypuller.py 1456 14616 put 0 poison tasks
Tue 07 Mar 2017 23:44:01 DEBUG pypuller.py 1461 14616 tasks.join
Tue 07 Mar 2017 23:44:01 INFO pypuller.py 1477 14616 hosts scan result saved to: ./host-lists.txt.result
Tue 07 Mar 2017 23:44:01 DEBUG pypuller.py 454 14616 write to file ./host-lists.txt.result
Tue 07 Mar 2017 23:44:01 DEBUG pypuller.py 454 14616 append to file ./host-lists.txt.result
Tue 07 Mar 2017 23:44:01 DEBUG pypuller.py 454 14616 append to file ./host-lists.txt.result
Tue 07 Mar 2017 23:44:01 DEBUG pypuller.py 454 14616 append to file ./host-lists.txt.result
Tue 07 Mar 2017 23:44:01 DEBUG pypuller.py 454 14616 append to file ./host-lists.txt.result
Tue 07 Mar 2017 23:44:01 WARNING pypuller.py 1489 14616 hosts scan result statistics:
 {'connected': [], 'failed': [], 'scanned': []}
Tue 07 Mar 2017 23:44:01 INFO pypuller.py 1497 14616 ====Task MainProcess runs 0.07 seconds.
Tue 07 Mar 2017 23:45:21 DEBUG pypuller.py 1087 15044 command line options read:
Tue 07 Mar 2017 23:45:21 DEBUG pypuller.py 1088 15044 debug = 2
Tue 07 Mar 2017 23:45:21 DEBUG pypuller.py 1089 15044 user = 'root'
Tue 07 Mar 2017 23:45:21 DEBUG pypuller.py 1090 15044 password = 'Juniper'
Tue 07 Mar 2017 23:45:21 DEBUG pypuller.py 1091 15044 host_file = None
Tue 07 Mar 2017 23:45:21 DEBUG pypuller.py 1092 15044 cli_file = None
Tue 07 Mar 2017 23:45:21 DEBUG pypuller.py 1093 15044 log_dir = None
Tue 07 Mar 2017 23:45:21 DEBUG pypuller.py 1094 15044 host_list = []
Tue 07 Mar 2017 23:45:21 DEBUG pypuller.py 1095 15044 cli_list = []
Tue 07 Mar 2017 23:45:21 DEBUG pypuller.py 1096 15044 commit = False
Tue 07 Mar 2017 23:45:21 VERBOSE pypuller.py 1136 15044 host_list read from ./host-lists.txt:
[]
Tue 07 Mar 2017 23:45:21 VERBOSE pypuller.py 1138 15044 cli_list read from ./cli-lists.txt:
['uptime', 'df -h']
Tue 07 Mar 2017 23:45:21 DEBUG pypuller.py 1199 15044 no yaml_file found or skipped by 'NONE'!
Tue 07 Mar 2017 23:45:21 VERBOSE pypuller.py 1203 15044 cli_list after read from None:
['uptime', 'df -h']
Tue 07 Mar 2017 23:45:21 VERBOSE pypuller.py 1231 15044 final host_list:
[]
Tue 07 Mar 2017 23:45:21 VERBOSE pypuller.py 1233 15044 final cli_list:
['uptime', 'df -h']
Tue 07 Mar 2017 23:45:21 VERBOSE pypuller.py 1257 15044 after processing command line args options looks:
{'attempt_max': 2,
 'cli_file': './cli-lists.txt',
 'cli_list': ['uptime', 'df -h'],
 'commit': False,
 'debug': 2,
 'host_file': './host-lists.txt',
 'host_list': [],
 'iteration_max': 2,
 'log_dir': '/home/pings/pypuller_logs',
 'normalize': False,
 'package': '/var/tmp/junos-install-mx-x86-64-15.1F2-S13.tgz',
 'password': 'Juniper',
 'port': 22,
 'processes': 0,
 'protocol': 'ssh',
 're0': None,
 're1': None,
 'user': 'root',
 'yaml_file': None}
Tue 07 Mar 2017 23:45:21 DEBUG pypuller.py 1425 15044 create a Queue as tasks queue
Tue 07 Mar 2017 23:45:22 DEBUG pypuller.py 1427 15044 create a Queue as results queue
Tue 07 Mar 2017 23:45:22 DEBUG pypuller.py 1432 15044 create 0 workers
Tue 07 Mar 2017 23:45:22 VERBOSE pypuller.py 1434 15044 list of workers looks []
Tue 07 Mar 2017 23:45:22 DEBUG pypuller.py 1436 15044 start all 0 workers, 1s interval
Tue 07 Mar 2017 23:45:22 DEBUG pypuller.py 1456 15044 put 0 poison tasks
Tue 07 Mar 2017 23:45:22 DEBUG pypuller.py 1461 15044 tasks.join
Tue 07 Mar 2017 23:45:22 INFO pypuller.py 1477 15044 hosts scan result saved to: ./host-lists.txt.result
Tue 07 Mar 2017 23:45:22 DEBUG pypuller.py 454 15044 write to file ./host-lists.txt.result
Tue 07 Mar 2017 23:45:22 DEBUG pypuller.py 454 15044 append to file ./host-lists.txt.result
Tue 07 Mar 2017 23:45:22 DEBUG pypuller.py 454 15044 append to file ./host-lists.txt.result
Tue 07 Mar 2017 23:45:22 DEBUG pypuller.py 454 15044 append to file ./host-lists.txt.result
Tue 07 Mar 2017 23:45:22 DEBUG pypuller.py 454 15044 append to file ./host-lists.txt.result
Tue 07 Mar 2017 23:45:22 WARNING pypuller.py 1489 15044 hosts scan result statistics:
 {'connected': [], 'failed': [], 'scanned': []}
Tue 07 Mar 2017 23:45:22 INFO pypuller.py 1497 15044 ====Task MainProcess runs 0.08 seconds.
Tue 07 Mar 2017 23:47:58 DEBUG pypuller.py 1087 3736 command line options read:
Tue 07 Mar 2017 23:47:58 DEBUG pypuller.py 1088 3736 debug = 2
Tue 07 Mar 2017 23:47:58 DEBUG pypuller.py 1089 3736 user = 'root'
Tue 07 Mar 2017 23:47:58 DEBUG pypuller.py 1090 3736 password = 'Juniper'
Tue 07 Mar 2017 23:47:58 DEBUG pypuller.py 1091 3736 host_file = None
Tue 07 Mar 2017 23:47:58 DEBUG pypuller.py 1092 3736 cli_file = None
Tue 07 Mar 2017 23:47:58 DEBUG pypuller.py 1093 3736 log_dir = None
Tue 07 Mar 2017 23:47:58 DEBUG pypuller.py 1094 3736 host_list = []
Tue 07 Mar 2017 23:47:58 DEBUG pypuller.py 1095 3736 cli_list = []
Tue 07 Mar 2017 23:47:58 DEBUG pypuller.py 1096 3736 commit = False
Tue 07 Mar 2017 23:47:58 VERBOSE pypuller.py 1135 3736 host_list read from ./host-lists.txt:
['10.85.19.197', '10.85.19.198', '10.85.19.199']
Tue 07 Mar 2017 23:47:58 VERBOSE pypuller.py 1137 3736 cli_list read from ./cli-lists.txt:
['uptime', 'df -h']
Tue 07 Mar 2017 23:47:58 DEBUG pypuller.py 1198 3736 no yaml_file found or skipped by 'NONE'!
Tue 07 Mar 2017 23:47:58 VERBOSE pypuller.py 1202 3736 cli_list after read from None:
['uptime', 'df -h']
Tue 07 Mar 2017 23:47:58 VERBOSE pypuller.py 1230 3736 final host_list:
['10.85.19.197', '10.85.19.198', '10.85.19.199']
Tue 07 Mar 2017 23:47:58 VERBOSE pypuller.py 1232 3736 final cli_list:
['uptime', 'df -h']
Tue 07 Mar 2017 23:47:58 VERBOSE pypuller.py 1256 3736 after processing command line args options looks:
{'attempt_max': 2,
 'cli_file': './cli-lists.txt',
 'cli_list': ['uptime', 'df -h'],
 'commit': False,
 'debug': 2,
 'host_file': './host-lists.txt',
 'host_list': ['10.85.19.197', '10.85.19.198', '10.85.19.199'],
 'iteration_max': 2,
 'log_dir': '/home/pings/pypuller_logs',
 'normalize': False,
 'package': '/var/tmp/junos-install-mx-x86-64-15.1F2-S13.tgz',
 'password': 'Juniper',
 'port': 22,
 'processes': 3,
 'protocol': 'ssh',
 're0': None,
 're1': None,
 'user': 'root',
 'yaml_file': None}
Tue 07 Mar 2017 23:47:58 DEBUG pypuller.py 1424 3736 create a Queue as tasks queue
Tue 07 Mar 2017 23:47:58 DEBUG pypuller.py 1426 3736 create a Queue as results queue
Tue 07 Mar 2017 23:47:58 DEBUG pypuller.py 1431 3736 create 3 workers
Tue 07 Mar 2017 23:47:58 VERBOSE pypuller.py 1264 3736 initiating a Worker...
Tue 07 Mar 2017 23:47:58 VERBOSE pypuller.py 1264 3736 initiating a Worker...
Tue 07 Mar 2017 23:47:58 VERBOSE pypuller.py 1264 3736 initiating a Worker...
Tue 07 Mar 2017 23:47:58 VERBOSE pypuller.py 1433 3736 list of workers looks [<Worker(Worker-1, initial)>,
 <Worker(Worker-2, initial)>,
 <Worker(Worker-3, initial)>]
Tue 07 Mar 2017 23:47:58 DEBUG pypuller.py 1435 3736 start all 3 workers, 1s interval
Tue 07 Mar 2017 23:47:58 DEBUG pypuller.py 1275 14300 Worker-1 get started (in "run")...
Tue 07 Mar 2017 23:47:58 INFO pypuller.py 1278 14300 ===>Process Worker-1 PID(14300) started...
Tue 07 Mar 2017 23:47:58 DEBUG pypuller.py 1282 14300 Worker-1 try to get a task...
Tue 07 Mar 2017 23:47:58 DEBUG pypuller.py 1275 15276 Worker-2 get started (in "run")...
Tue 07 Mar 2017 23:47:58 INFO pypuller.py 1278 15276 ===>Process Worker-2 PID(15276) started...
Tue 07 Mar 2017 23:47:58 DEBUG pypuller.py 1282 15276 Worker-2 try to get a task...
Tue 07 Mar 2017 23:47:59 DEBUG pypuller.py 1446 3736 get a host: 10.85.19.197, put in tasks queue...
Tue 07 Mar 2017 23:47:59 DEBUG pypuller.py 1315 3736 Task init: 10.85.19.197 ...
Tue 07 Mar 2017 23:47:59 DEBUG pypuller.py 1446 3736 get a host: 10.85.19.198, put in tasks queue...
Tue 07 Mar 2017 23:47:59 DEBUG pypuller.py 1315 3736 Task init: 10.85.19.198 ...
Tue 07 Mar 2017 23:47:59 DEBUG pypuller.py 1285 14300 Worker-1:got a (next) task:10.85.19.197 from tasks queue
Tue 07 Mar 2017 23:47:59 DEBUG pypuller.py 1446 3736 get a host: 10.85.19.199, put in tasks queue...
Tue 07 Mar 2017 23:47:59 DEBUG pypuller.py 1292 14300 Worker-1: object (Task) call to get it executed
Tue 07 Mar 2017 23:47:59 DEBUG pypuller.py 1315 3736 Task init: 10.85.19.199 ...
Tue 07 Mar 2017 23:47:59 DEBUG pypuller.py 1319 14300 task called to be executed:10.85.19.197 ...
Tue 07 Mar 2017 23:47:59 DEBUG pypuller.py 1285 15276 Worker-2:got a (next) task:10.85.19.198 from tasks queue
Tue 07 Mar 2017 23:47:59 DEBUG pypuller.py 1292 15276 Worker-2: object (Task) call to get it executed
Tue 07 Mar 2017 23:47:59 DEBUG pypuller.py 1319 15276 task called to be executed:10.85.19.198 ...
Tue 07 Mar 2017 23:47:59 VERBOSE pypuller.py 734 14300 10.85.19.197's final looks:
{'attempt_max': 2,
 'cli_file': './cli-lists.txt',
 'cli_list': ['uptime', 'df -h'],
 'commit': False,
 'debug': 2,
 'host_file': './host-lists.txt',
 'host_list': ['10.85.19.197', '10.85.19.198', '10.85.19.199'],
 'hostname': '10.85.19.197',
 'iteration_max': 2,
 'log_dir': '/home/pings/pypuller_logs',
 'normalize': False,
 'package': '/var/tmp/junos-install-mx-x86-64-15.1F2-S13.tgz',
 'password': 'Juniper',
 'port': 22,
 'processes': 3,
 'protocol': 'ssh',
 're0': None,
 're1': None,
 'user': 'root',
 'yaml_file': None}
Tue 07 Mar 2017 23:47:59 INFO pypuller.py 748 14300 connecting to 10.85.19.197 ...
Tue 07 Mar 2017 23:47:59 DEBUG pypuller.py 749 14300 protocol looks ssh ...
Tue 07 Mar 2017 23:47:59 VERBOSE pypuller.py 758 14300 connecting via ssh
Tue 07 Mar 2017 23:47:59 DEBUG pypuller.py 700 14300 attempting ssh to 10.85.19.197!
Tue 07 Mar 2017 23:47:59 DEBUG pypuller.py 1455 3736 put 3 poison tasks
Tue 07 Mar 2017 23:47:59 VERBOSE pypuller.py 734 15276 10.85.19.198's final looks:
{'attempt_max': 2,
 'cli_file': './cli-lists.txt',
 'cli_list': ['uptime', 'df -h'],
 'commit': False,
 'debug': 2,
 'host_file': './host-lists.txt',
 'host_list': ['10.85.19.197', '10.85.19.198', '10.85.19.199'],
 'hostname': '10.85.19.198',
 'iteration_max': 2,
 'log_dir': '/home/pings/pypuller_logs',
 'normalize': False,
 'package': '/var/tmp/junos-install-mx-x86-64-15.1F2-S13.tgz',
 'password': 'Juniper',
 'port': 22,
 'processes': 3,
 'protocol': 'ssh',
 're0': None,
 're1': None,
 'user': 'root',
 'yaml_file': None}
Tue 07 Mar 2017 23:47:59 INFO pypuller.py 748 15276 connecting to 10.85.19.198 ...
Tue 07 Mar 2017 23:47:59 DEBUG pypuller.py 749 15276 protocol looks ssh ...
Tue 07 Mar 2017 23:47:59 VERBOSE pypuller.py 758 15276 connecting via ssh
Tue 07 Mar 2017 23:47:59 DEBUG pypuller.py 700 15276 attempting ssh to 10.85.19.198!
Tue 07 Mar 2017 23:47:59 DEBUG pypuller.py 1275 12512 Worker-3 get started (in "run")...
Tue 07 Mar 2017 23:47:59 INFO pypuller.py 1278 12512 ===>Process Worker-3 PID(12512) started...
Tue 07 Mar 2017 23:47:59 DEBUG pypuller.py 1282 12512 Worker-3 try to get a task...
Tue 07 Mar 2017 23:47:59 DEBUG pypuller.py 1285 12512 Worker-3:got a (next) task:10.85.19.199 from tasks queue
Tue 07 Mar 2017 23:47:59 DEBUG pypuller.py 1292 12512 Worker-3: object (Task) call to get it executed
Tue 07 Mar 2017 23:47:59 DEBUG pypuller.py 1319 12512 task called to be executed:10.85.19.199 ...
Tue 07 Mar 2017 23:47:59 VERBOSE pypuller.py 734 12512 10.85.19.199's final looks:
{'attempt_max': 2,
 'cli_file': './cli-lists.txt',
 'cli_list': ['uptime', 'df -h'],
 'commit': False,
 'debug': 2,
 'host_file': './host-lists.txt',
 'host_list': ['10.85.19.197', '10.85.19.198', '10.85.19.199'],
 'hostname': '10.85.19.199',
 'iteration_max': 2,
 'log_dir': '/home/pings/pypuller_logs',
 'normalize': False,
 'package': '/var/tmp/junos-install-mx-x86-64-15.1F2-S13.tgz',
 'password': 'Juniper',
 'port': 22,
 'processes': 3,
 'protocol': 'ssh',
 're0': None,
 're1': None,
 'user': 'root',
 'yaml_file': None}
Tue 07 Mar 2017 23:47:59 INFO pypuller.py 748 12512 connecting to 10.85.19.199 ...
Tue 07 Mar 2017 23:47:59 DEBUG pypuller.py 749 12512 protocol looks ssh ...
Tue 07 Mar 2017 23:47:59 VERBOSE pypuller.py 758 12512 connecting via ssh
Tue 07 Mar 2017 23:47:59 DEBUG pypuller.py 700 12512 attempting ssh to 10.85.19.199!
Tue 07 Mar 2017 23:47:59 DEBUG pypuller.py 1460 3736 tasks.join
Tue 07 Mar 2017 23:48:00 VERBOSE pypuller.py 890 14300 log file full path looks:/home/pings/pypuller_logs/10.85.19.197
Tue 07 Mar 2017 23:48:00 INFO pypuller.py 821 14300 --->thread ""uptime"" started, PID(14300)...
Tue 07 Mar 2017 23:48:00 INFO pypuller.py 821 14300 --->thread ""df -h"" started, PID(14300)...
Tue 07 Mar 2017 23:48:00 VERBOSE pypuller.py 890 15276 log file full path looks:/home/pings/pypuller_logs/10.85.19.198
Tue 07 Mar 2017 23:48:00 VERBOSE pypuller.py 890 12512 log file full path looks:/home/pings/pypuller_logs/10.85.19.199
Tue 07 Mar 2017 23:48:00 INFO pypuller.py 821 12512 --->thread ""uptime"" started, PID(12512)...
Tue 07 Mar 2017 23:48:00 INFO pypuller.py 821 15276 --->thread ""uptime"" started, PID(15276)...
Tue 07 Mar 2017 23:48:00 INFO pypuller.py 821 12512 --->thread ""df -h"" started, PID(12512)...
Tue 07 Mar 2017 23:48:00 INFO pypuller.py 821 15276 --->thread ""df -h"" started, PID(15276)...
Tue 07 Mar 2017 23:48:00 VERBOSE pypuller.py 838 14300 output of cli 'uptime' looks:
 20:48:01 up 13:01,  2 users,  load average: 0.00, 0.01, 0.05

Tue 07 Mar 2017 23:48:00 DEBUG pypuller.py 454 14300 append to file /home/pings/pypuller_logs/10.85.19.197
Tue 07 Mar 2017 23:48:00 INFO pypuller.py 843 14300 <---thread "uptime" exited (0.59 sec).
Tue 07 Mar 2017 23:48:00 VERBOSE pypuller.py 838 15276 output of cli 'df -h' looks:
Filesystem                   Size  Used Avail Use% Mounted on
/dev/mapper/ubuntu--vg-root   87G  1.3G   81G   2% /
none                         4.0K     0  4.0K   0% /sys/fs/cgroup
udev                          16G  4.0K   16G   1% /dev
tmpfs                        3.2G  688K  3.2G   1% /run
none                         5.0M     0  5.0M   0% /run/lock
none                          16G     0   16G   0% /run/shm
none                         100M     0  100M   0% /run/user
/dev/sda1                    236M   38M  186M  17% /boot

Tue 07 Mar 2017 23:48:00 DEBUG pypuller.py 454 15276 append to file /home/pings/pypuller_logs/10.85.19.198
Tue 07 Mar 2017 23:48:00 INFO pypuller.py 843 15276 <---thread "df -h" exited (0.59 sec).
Tue 07 Mar 2017 23:48:00 VERBOSE pypuller.py 838 12512 output of cli 'df -h' looks:
Filesystem                   Size  Used Avail Use% Mounted on
/dev/mapper/ubuntu--vg-root   87G  1.3G   81G   2% /
none                         4.0K     0  4.0K   0% /sys/fs/cgroup
udev                          16G  4.0K   16G   1% /dev
tmpfs                        3.2G  684K  3.2G   1% /run
none                         5.0M     0  5.0M   0% /run/lock
none                          16G     0   16G   0% /run/shm
none                         100M     0  100M   0% /run/user
/dev/sda1                    236M   38M  186M  17% /boot

Tue 07 Mar 2017 23:48:00 VERBOSE pypuller.py 838 15276 output of cli 'uptime' looks:
 20:48:01 up 12:59,  1 user,  load average: 0.00, 0.01, 0.05

Tue 07 Mar 2017 23:48:00 DEBUG pypuller.py 454 15276 append to file /home/pings/pypuller_logs/10.85.19.198
Tue 07 Mar 2017 23:48:00 DEBUG pypuller.py 454 12512 append to file /home/pings/pypuller_logs/10.85.19.199
Tue 07 Mar 2017 23:48:00 INFO pypuller.py 843 15276 <---thread "uptime" exited (0.62 sec).
Tue 07 Mar 2017 23:48:00 INFO pypuller.py 843 12512 <---thread "df -h" exited (0.62 sec).
Tue 07 Mar 2017 23:48:00 VERBOSE pypuller.py 838 14300 output of cli 'df -h' looks:
Filesystem                   Size  Used Avail Use% Mounted on
/dev/mapper/ubuntu--vg-root   87G  3.8G   79G   5% /
none                         4.0K     0  4.0K   0% /sys/fs/cgroup
udev                          16G  4.0K   16G   1% /dev
tmpfs                        3.2G  700K  3.2G   1% /run
none                         5.0M     0  5.0M   0% /run/lock
none                          16G     0   16G   0% /run/shm
none                         100M     0  100M   0% /run/user
/dev/sda1                    236M   38M  186M  17% /boot

Tue 07 Mar 2017 23:48:00 DEBUG pypuller.py 454 14300 append to file /home/pings/pypuller_logs/10.85.19.197
Tue 07 Mar 2017 23:48:01 INFO pypuller.py 843 14300 <---thread "df -h" exited (0.67 sec).
Tue 07 Mar 2017 23:48:01 VERBOSE pypuller.py 838 12512 output of cli 'uptime' looks:
 20:48:01 up 13:00,  1 user,  load average: 0.00, 0.01, 0.03

Tue 07 Mar 2017 23:48:01 DEBUG pypuller.py 454 12512 append to file /home/pings/pypuller_logs/10.85.19.199
Tue 07 Mar 2017 23:48:01 INFO pypuller.py 843 12512 <---thread "uptime" exited (0.72 sec).
Tue 07 Mar 2017 23:48:01 DEBUG pypuller.py 1282 15276 Worker-2 try to get a task...
Tue 07 Mar 2017 23:48:01 DEBUG pypuller.py 1285 15276 Worker-2:got a (next) task:None from tasks queue
Tue 07 Mar 2017 23:48:01 DEBUG pypuller.py 1288 15276 Worker-2: got a None task, Exiting
Tue 07 Mar 2017 23:48:01 INFO pypuller.py 1305 15276 <===Process Worker-2 exited (2.19 sec).
Tue 07 Mar 2017 23:48:01 DEBUG pypuller.py 1282 14300 Worker-1 try to get a task...
Tue 07 Mar 2017 23:48:01 DEBUG pypuller.py 1285 14300 Worker-1:got a (next) task:None from tasks queue
Tue 07 Mar 2017 23:48:01 DEBUG pypuller.py 1288 14300 Worker-1: got a None task, Exiting
Tue 07 Mar 2017 23:48:01 INFO pypuller.py 1305 14300 <===Process Worker-1 exited (2.46 sec).
Tue 07 Mar 2017 23:48:01 DEBUG pypuller.py 1282 12512 Worker-3 try to get a task...
Tue 07 Mar 2017 23:48:01 DEBUG pypuller.py 1285 12512 Worker-3:got a (next) task:None from tasks queue
Tue 07 Mar 2017 23:48:01 DEBUG pypuller.py 1288 12512 Worker-3: got a None task, Exiting
Tue 07 Mar 2017 23:48:01 INFO pypuller.py 1305 12512 <===Process Worker-3 exited (2.04 sec).
Tue 07 Mar 2017 23:48:01 INFO pypuller.py 1476 3736 hosts scan result saved to: ./host-lists.txt.result
Tue 07 Mar 2017 23:48:01 DEBUG pypuller.py 454 3736 write to file ./host-lists.txt.result
Tue 07 Mar 2017 23:48:01 DEBUG pypuller.py 454 3736 append to file ./host-lists.txt.result
Tue 07 Mar 2017 23:48:01 DEBUG pypuller.py 454 3736 append to file ./host-lists.txt.result
Tue 07 Mar 2017 23:48:01 DEBUG pypuller.py 454 3736 append to file ./host-lists.txt.result
Tue 07 Mar 2017 23:48:01 DEBUG pypuller.py 454 3736 append to file ./host-lists.txt.result
Tue 07 Mar 2017 23:48:01 WARNING pypuller.py 1488 3736 hosts scan result statistics:
 {'connected': ['10.85.19.198', '10.85.19.197', '10.85.19.199'],
 'failed': [],
 'scanned': ['10.85.19.198', '10.85.19.197', '10.85.19.199']}
Tue 07 Mar 2017 23:48:01 INFO pypuller.py 1496 3736 ====Task MainProcess runs 2.86 seconds.
Tue 07 Mar 2017 23:49:57 DEBUG pypuller.py 1087 14360 command line options read:
Tue 07 Mar 2017 23:49:57 DEBUG pypuller.py 1088 14360 debug = 2
Tue 07 Mar 2017 23:49:57 DEBUG pypuller.py 1089 14360 user = 'root'
Tue 07 Mar 2017 23:49:57 DEBUG pypuller.py 1090 14360 password = 'Juniper'
Tue 07 Mar 2017 23:49:57 DEBUG pypuller.py 1091 14360 host_file = None
Tue 07 Mar 2017 23:49:57 DEBUG pypuller.py 1092 14360 cli_file = None
Tue 07 Mar 2017 23:49:57 DEBUG pypuller.py 1093 14360 log_dir = None
Tue 07 Mar 2017 23:49:57 DEBUG pypuller.py 1094 14360 host_list = []
Tue 07 Mar 2017 23:49:57 DEBUG pypuller.py 1095 14360 cli_list = []
Tue 07 Mar 2017 23:49:57 DEBUG pypuller.py 1096 14360 commit = False
Tue 07 Mar 2017 23:49:57 VERBOSE pypuller.py 1136 14360 host_list read from ./host-lists.txt:
[]
Tue 07 Mar 2017 23:49:57 VERBOSE pypuller.py 1138 14360 cli_list read from ./cli-lists.txt:
['uptime', 'df -h']
Tue 07 Mar 2017 23:49:57 DEBUG pypuller.py 1199 14360 no yaml_file found or skipped by 'NONE'!
Tue 07 Mar 2017 23:49:57 VERBOSE pypuller.py 1203 14360 cli_list after read from None:
['uptime', 'df -h']
Tue 07 Mar 2017 23:49:57 VERBOSE pypuller.py 1231 14360 final host_list:
[]
Tue 07 Mar 2017 23:49:57 VERBOSE pypuller.py 1233 14360 final cli_list:
['uptime', 'df -h']
Tue 07 Mar 2017 23:49:57 VERBOSE pypuller.py 1257 14360 after processing command line args options looks:
{'attempt_max': 2,
 'cli_file': './cli-lists.txt',
 'cli_list': ['uptime', 'df -h'],
 'commit': False,
 'debug': 2,
 'host_file': './host-lists.txt',
 'host_list': [],
 'iteration_max': 2,
 'log_dir': '/home/pings/pypuller_logs',
 'normalize': False,
 'package': '/var/tmp/junos-install-mx-x86-64-15.1F2-S13.tgz',
 'password': 'Juniper',
 'port': 22,
 'processes': 0,
 'protocol': 'ssh',
 're0': None,
 're1': None,
 'user': 'root',
 'yaml_file': None}
Tue 07 Mar 2017 23:49:57 DEBUG pypuller.py 1425 14360 create a Queue as tasks queue
Tue 07 Mar 2017 23:49:57 DEBUG pypuller.py 1427 14360 create a Queue as results queue
Tue 07 Mar 2017 23:49:57 DEBUG pypuller.py 1432 14360 create 0 workers
Tue 07 Mar 2017 23:49:57 VERBOSE pypuller.py 1434 14360 list of workers looks []
Tue 07 Mar 2017 23:49:57 DEBUG pypuller.py 1436 14360 start all 0 workers, 1s interval
Tue 07 Mar 2017 23:49:57 DEBUG pypuller.py 1456 14360 put 0 poison tasks
Tue 07 Mar 2017 23:49:57 DEBUG pypuller.py 1461 14360 tasks.join
Tue 07 Mar 2017 23:49:57 INFO pypuller.py 1477 14360 hosts scan result saved to: ./host-lists.txt.result
Tue 07 Mar 2017 23:49:57 DEBUG pypuller.py 454 14360 write to file ./host-lists.txt.result
Tue 07 Mar 2017 23:49:57 DEBUG pypuller.py 454 14360 append to file ./host-lists.txt.result
Tue 07 Mar 2017 23:49:57 DEBUG pypuller.py 454 14360 append to file ./host-lists.txt.result
Tue 07 Mar 2017 23:49:57 DEBUG pypuller.py 454 14360 append to file ./host-lists.txt.result
Tue 07 Mar 2017 23:49:57 DEBUG pypuller.py 454 14360 append to file ./host-lists.txt.result
Tue 07 Mar 2017 23:49:57 WARNING pypuller.py 1489 14360 hosts scan result statistics:
 {'connected': [], 'failed': [], 'scanned': []}
Tue 07 Mar 2017 23:49:57 INFO pypuller.py 1497 14360 ====Task MainProcess runs 0.09 seconds.
Tue 07 Mar 2017 23:50:20 DEBUG pypuller.py 1087 11224 command line options read:
Tue 07 Mar 2017 23:50:20 DEBUG pypuller.py 1088 11224 debug = 2
Tue 07 Mar 2017 23:50:20 DEBUG pypuller.py 1089 11224 user = 'root'
Tue 07 Mar 2017 23:50:20 DEBUG pypuller.py 1090 11224 password = 'Juniper'
Tue 07 Mar 2017 23:50:20 DEBUG pypuller.py 1091 11224 host_file = None
Tue 07 Mar 2017 23:50:20 DEBUG pypuller.py 1092 11224 cli_file = None
Tue 07 Mar 2017 23:50:20 DEBUG pypuller.py 1093 11224 log_dir = None
Tue 07 Mar 2017 23:50:20 DEBUG pypuller.py 1094 11224 host_list = []
Tue 07 Mar 2017 23:50:20 DEBUG pypuller.py 1095 11224 cli_list = []
Tue 07 Mar 2017 23:50:20 DEBUG pypuller.py 1096 11224 commit = False
Tue 07 Mar 2017 23:50:20 VERBOSE pypuller.py 1136 11224 host_list read from ./host-lists.txt:
[]
Tue 07 Mar 2017 23:50:20 VERBOSE pypuller.py 1138 11224 cli_list read from ./cli-lists.txt:
['uptime', 'df -h']
Tue 07 Mar 2017 23:50:20 DEBUG pypuller.py 1199 11224 no yaml_file found or skipped by 'NONE'!
Tue 07 Mar 2017 23:50:20 VERBOSE pypuller.py 1203 11224 cli_list after read from None:
['uptime', 'df -h']
Tue 07 Mar 2017 23:50:20 VERBOSE pypuller.py 1231 11224 final host_list:
[]
Tue 07 Mar 2017 23:50:20 VERBOSE pypuller.py 1233 11224 final cli_list:
['uptime', 'df -h']
Tue 07 Mar 2017 23:50:20 VERBOSE pypuller.py 1257 11224 after processing command line args options looks:
{'attempt_max': 2,
 'cli_file': './cli-lists.txt',
 'cli_list': ['uptime', 'df -h'],
 'commit': False,
 'debug': 2,
 'host_file': './host-lists.txt',
 'host_list': [],
 'iteration_max': 2,
 'log_dir': '/home/pings/pypuller_logs',
 'normalize': False,
 'package': '/var/tmp/junos-install-mx-x86-64-15.1F2-S13.tgz',
 'password': 'Juniper',
 'port': 22,
 'processes': 0,
 'protocol': 'ssh',
 're0': None,
 're1': None,
 'user': 'root',
 'yaml_file': None}
Tue 07 Mar 2017 23:50:20 DEBUG pypuller.py 1425 11224 create a Queue as tasks queue
Tue 07 Mar 2017 23:50:20 DEBUG pypuller.py 1427 11224 create a Queue as results queue
Tue 07 Mar 2017 23:50:20 DEBUG pypuller.py 1432 11224 create 0 workers
Tue 07 Mar 2017 23:50:20 VERBOSE pypuller.py 1434 11224 list of workers looks []
Tue 07 Mar 2017 23:50:20 DEBUG pypuller.py 1436 11224 start all 0 workers, 1s interval
Tue 07 Mar 2017 23:50:20 DEBUG pypuller.py 1456 11224 put 0 poison tasks
Tue 07 Mar 2017 23:50:20 DEBUG pypuller.py 1461 11224 tasks.join
Tue 07 Mar 2017 23:50:20 INFO pypuller.py 1477 11224 hosts scan result saved to: ./host-lists.txt.result
Tue 07 Mar 2017 23:50:20 DEBUG pypuller.py 454 11224 write to file ./host-lists.txt.result
Tue 07 Mar 2017 23:50:20 DEBUG pypuller.py 454 11224 append to file ./host-lists.txt.result
Tue 07 Mar 2017 23:50:20 DEBUG pypuller.py 454 11224 append to file ./host-lists.txt.result
Tue 07 Mar 2017 23:50:20 DEBUG pypuller.py 454 11224 append to file ./host-lists.txt.result
Tue 07 Mar 2017 23:50:20 DEBUG pypuller.py 454 11224 append to file ./host-lists.txt.result
Tue 07 Mar 2017 23:50:20 WARNING pypuller.py 1489 11224 hosts scan result statistics:
 {'connected': [], 'failed': [], 'scanned': []}
Tue 07 Mar 2017 23:50:20 INFO pypuller.py 1497 11224 ====Task MainProcess runs 0.10 seconds.
Tue 07 Mar 2017 23:52:31 DEBUG pypuller.py 1087 12324 command line options read:
Tue 07 Mar 2017 23:52:31 DEBUG pypuller.py 1088 12324 debug = 2
Tue 07 Mar 2017 23:52:31 DEBUG pypuller.py 1089 12324 user = 'root'
Tue 07 Mar 2017 23:52:31 DEBUG pypuller.py 1090 12324 password = 'Juniper'
Tue 07 Mar 2017 23:52:31 DEBUG pypuller.py 1091 12324 host_file = None
Tue 07 Mar 2017 23:52:31 DEBUG pypuller.py 1092 12324 cli_file = None
Tue 07 Mar 2017 23:52:31 DEBUG pypuller.py 1093 12324 log_dir = None
Tue 07 Mar 2017 23:52:31 DEBUG pypuller.py 1094 12324 host_list = []
Tue 07 Mar 2017 23:52:31 DEBUG pypuller.py 1095 12324 cli_list = []
Tue 07 Mar 2017 23:52:31 DEBUG pypuller.py 1096 12324 commit = False
Tue 07 Mar 2017 23:52:31 VERBOSE pypuller.py 1136 12324 host_list read from ./host-lists.txt:
['10.85.19.197', '10.85.19.198', '10.85.19.199']
Tue 07 Mar 2017 23:52:31 VERBOSE pypuller.py 1138 12324 cli_list read from ./cli-lists.txt:
['uptime', 'df -h']
Tue 07 Mar 2017 23:52:31 DEBUG pypuller.py 1199 12324 no yaml_file found or skipped by 'NONE'!
Tue 07 Mar 2017 23:52:31 VERBOSE pypuller.py 1203 12324 cli_list after read from None:
['uptime', 'df -h']
Tue 07 Mar 2017 23:52:31 VERBOSE pypuller.py 1231 12324 final host_list:
['10.85.19.197', '10.85.19.198', '10.85.19.199']
Tue 07 Mar 2017 23:52:31 VERBOSE pypuller.py 1233 12324 final cli_list:
['uptime', 'df -h']
Tue 07 Mar 2017 23:52:31 VERBOSE pypuller.py 1257 12324 after processing command line args options looks:
{'attempt_max': 2,
 'cli_file': './cli-lists.txt',
 'cli_list': ['uptime', 'df -h'],
 'commit': False,
 'debug': 2,
 'host_file': './host-lists.txt',
 'host_list': ['10.85.19.197', '10.85.19.198', '10.85.19.199'],
 'iteration_max': 2,
 'log_dir': '/home/pings/pypuller_logs',
 'normalize': False,
 'package': '/var/tmp/junos-install-mx-x86-64-15.1F2-S13.tgz',
 'password': 'Juniper',
 'port': 22,
 'processes': 3,
 'protocol': 'ssh',
 're0': None,
 're1': None,
 'user': 'root',
 'yaml_file': None}
Tue 07 Mar 2017 23:52:31 DEBUG pypuller.py 1425 12324 create a Queue as tasks queue
Tue 07 Mar 2017 23:52:31 DEBUG pypuller.py 1427 12324 create a Queue as results queue
Tue 07 Mar 2017 23:52:31 DEBUG pypuller.py 1432 12324 create 3 workers
Tue 07 Mar 2017 23:52:31 VERBOSE pypuller.py 1265 12324 initiating a Worker...
Tue 07 Mar 2017 23:52:31 VERBOSE pypuller.py 1265 12324 initiating a Worker...
Tue 07 Mar 2017 23:52:31 VERBOSE pypuller.py 1265 12324 initiating a Worker...
Tue 07 Mar 2017 23:52:31 VERBOSE pypuller.py 1434 12324 list of workers looks [<Worker(Worker-1, initial)>,
 <Worker(Worker-2, initial)>,
 <Worker(Worker-3, initial)>]
Tue 07 Mar 2017 23:52:31 DEBUG pypuller.py 1436 12324 start all 3 workers, 1s interval
Tue 07 Mar 2017 23:52:31 DEBUG pypuller.py 1276 11420 Worker-1 get started (in "run")...
Tue 07 Mar 2017 23:52:31 INFO pypuller.py 1279 11420 ===>Process Worker-1 PID(11420) started...
Tue 07 Mar 2017 23:52:31 DEBUG pypuller.py 1283 11420 Worker-1 try to get a task...
Tue 07 Mar 2017 23:52:31 DEBUG pypuller.py 1276 12756 Worker-2 get started (in "run")...
Tue 07 Mar 2017 23:52:31 INFO pypuller.py 1279 12756 ===>Process Worker-2 PID(12756) started...
Tue 07 Mar 2017 23:52:31 DEBUG pypuller.py 1283 12756 Worker-2 try to get a task...
Tue 07 Mar 2017 23:52:31 DEBUG pypuller.py 1447 12324 get a host: 10.85.19.197, put in tasks queue...
Tue 07 Mar 2017 23:52:31 DEBUG pypuller.py 1316 12324 Task init: 10.85.19.197 ...
Tue 07 Mar 2017 23:52:31 DEBUG pypuller.py 1447 12324 get a host: 10.85.19.198, put in tasks queue...
Tue 07 Mar 2017 23:52:31 DEBUG pypuller.py 1286 11420 Worker-1:got a (next) task:10.85.19.197 from tasks queue
Tue 07 Mar 2017 23:52:31 DEBUG pypuller.py 1316 12324 Task init: 10.85.19.198 ...
Tue 07 Mar 2017 23:52:31 DEBUG pypuller.py 1293 11420 Worker-1: object (Task) call to get it executed
Tue 07 Mar 2017 23:52:31 DEBUG pypuller.py 1320 11420 task called to be executed:10.85.19.197 ...
Tue 07 Mar 2017 23:52:31 DEBUG pypuller.py 1286 12756 Worker-2:got a (next) task:10.85.19.198 from tasks queue
Tue 07 Mar 2017 23:52:31 DEBUG pypuller.py 1293 12756 Worker-2: object (Task) call to get it executed
Tue 07 Mar 2017 23:52:31 DEBUG pypuller.py 1320 12756 task called to be executed:10.85.19.198 ...
Tue 07 Mar 2017 23:52:31 VERBOSE pypuller.py 734 11420 10.85.19.197's final looks:
{'attempt_max': 2,
 'cli_file': './cli-lists.txt',
 'cli_list': ['uptime', 'df -h'],
 'commit': False,
 'debug': 2,
 'host_file': './host-lists.txt',
 'host_list': ['10.85.19.197', '10.85.19.198', '10.85.19.199'],
 'hostname': '10.85.19.197',
 'iteration_max': 2,
 'log_dir': '/home/pings/pypuller_logs',
 'normalize': False,
 'package': '/var/tmp/junos-install-mx-x86-64-15.1F2-S13.tgz',
 'password': 'Juniper',
 'port': 22,
 'processes': 3,
 'protocol': 'ssh',
 're0': None,
 're1': None,
 'user': 'root',
 'yaml_file': None}
Tue 07 Mar 2017 23:52:31 INFO pypuller.py 748 11420 connecting to 10.85.19.197 ...
Tue 07 Mar 2017 23:52:31 VERBOSE pypuller.py 734 12756 10.85.19.198's final looks:
{'attempt_max': 2,
 'cli_file': './cli-lists.txt',
 'cli_list': ['uptime', 'df -h'],
 'commit': False,
 'debug': 2,
 'host_file': './host-lists.txt',
 'host_list': ['10.85.19.197', '10.85.19.198', '10.85.19.199'],
 'hostname': '10.85.19.198',
 'iteration_max': 2,
 'log_dir': '/home/pings/pypuller_logs',
 'normalize': False,
 'package': '/var/tmp/junos-install-mx-x86-64-15.1F2-S13.tgz',
 'password': 'Juniper',
 'port': 22,
 'processes': 3,
 'protocol': 'ssh',
 're0': None,
 're1': None,
 'user': 'root',
 'yaml_file': None}
Tue 07 Mar 2017 23:52:31 DEBUG pypuller.py 749 11420 protocol looks ssh ...
Tue 07 Mar 2017 23:52:31 INFO pypuller.py 748 12756 connecting to 10.85.19.198 ...
Tue 07 Mar 2017 23:52:31 VERBOSE pypuller.py 758 11420 connecting via ssh
Tue 07 Mar 2017 23:52:31 DEBUG pypuller.py 749 12756 protocol looks ssh ...
Tue 07 Mar 2017 23:52:31 VERBOSE pypuller.py 758 12756 connecting via ssh
Tue 07 Mar 2017 23:52:31 DEBUG pypuller.py 700 11420 attempting ssh to 10.85.19.197!
Tue 07 Mar 2017 23:52:31 DEBUG pypuller.py 700 12756 attempting ssh to 10.85.19.198!
Tue 07 Mar 2017 23:52:32 DEBUG pypuller.py 1447 12324 get a host: 10.85.19.199, put in tasks queue...
Tue 07 Mar 2017 23:52:32 DEBUG pypuller.py 1316 12324 Task init: 10.85.19.199 ...
Tue 07 Mar 2017 23:52:32 DEBUG pypuller.py 1456 12324 put 3 poison tasks
Tue 07 Mar 2017 23:52:32 DEBUG pypuller.py 1461 12324 tasks.join
Tue 07 Mar 2017 23:52:32 DEBUG pypuller.py 1276 13608 Worker-3 get started (in "run")...
Tue 07 Mar 2017 23:52:32 INFO pypuller.py 1279 13608 ===>Process Worker-3 PID(13608) started...
Tue 07 Mar 2017 23:52:32 DEBUG pypuller.py 1283 13608 Worker-3 try to get a task...
Tue 07 Mar 2017 23:52:32 DEBUG pypuller.py 1286 13608 Worker-3:got a (next) task:10.85.19.199 from tasks queue
Tue 07 Mar 2017 23:52:32 DEBUG pypuller.py 1293 13608 Worker-3: object (Task) call to get it executed
Tue 07 Mar 2017 23:52:32 DEBUG pypuller.py 1320 13608 task called to be executed:10.85.19.199 ...
Tue 07 Mar 2017 23:52:32 VERBOSE pypuller.py 734 13608 10.85.19.199's final looks:
{'attempt_max': 2,
 'cli_file': './cli-lists.txt',
 'cli_list': ['uptime', 'df -h'],
 'commit': False,
 'debug': 2,
 'host_file': './host-lists.txt',
 'host_list': ['10.85.19.197', '10.85.19.198', '10.85.19.199'],
 'hostname': '10.85.19.199',
 'iteration_max': 2,
 'log_dir': '/home/pings/pypuller_logs',
 'normalize': False,
 'package': '/var/tmp/junos-install-mx-x86-64-15.1F2-S13.tgz',
 'password': 'Juniper',
 'port': 22,
 'processes': 3,
 'protocol': 'ssh',
 're0': None,
 're1': None,
 'user': 'root',
 'yaml_file': None}
Tue 07 Mar 2017 23:52:32 INFO pypuller.py 748 13608 connecting to 10.85.19.199 ...
Tue 07 Mar 2017 23:52:32 DEBUG pypuller.py 749 13608 protocol looks ssh ...
Tue 07 Mar 2017 23:52:32 VERBOSE pypuller.py 758 13608 connecting via ssh
Tue 07 Mar 2017 23:52:32 DEBUG pypuller.py 700 13608 attempting ssh to 10.85.19.199!
Tue 07 Mar 2017 23:52:33 VERBOSE pypuller.py 890 12756 log file full path looks:/home/pings/pypuller_logs/10.85.19.198
Tue 07 Mar 2017 23:52:33 INFO pypuller.py 821 12756 --->thread ""uptime"" started, PID(12756)...
Tue 07 Mar 2017 23:52:33 INFO pypuller.py 821 12756 --->thread ""df -h"" started, PID(12756)...
Tue 07 Mar 2017 23:52:33 VERBOSE pypuller.py 890 11420 log file full path looks:/home/pings/pypuller_logs/10.85.19.197
Tue 07 Mar 2017 23:52:33 INFO pypuller.py 821 11420 --->thread ""uptime"" started, PID(11420)...
Tue 07 Mar 2017 23:52:33 INFO pypuller.py 821 11420 --->thread ""df -h"" started, PID(11420)...
Tue 07 Mar 2017 23:52:33 VERBOSE pypuller.py 890 13608 log file full path looks:/home/pings/pypuller_logs/10.85.19.199
Tue 07 Mar 2017 23:52:33 INFO pypuller.py 821 13608 --->thread ""uptime"" started, PID(13608)...
Tue 07 Mar 2017 23:52:33 INFO pypuller.py 821 13608 --->thread ""df -h"" started, PID(13608)...
Tue 07 Mar 2017 23:52:33 VERBOSE pypuller.py 838 12756 output of cli 'uptime' looks:
 20:52:34 up 13:04,  1 user,  load average: 0.00, 0.01, 0.05

Tue 07 Mar 2017 23:52:33 DEBUG pypuller.py 454 12756 append to file /home/pings/pypuller_logs/10.85.19.198
Tue 07 Mar 2017 23:52:33 INFO pypuller.py 843 12756 <---thread "uptime" exited (0.42 sec).
Tue 07 Mar 2017 23:52:33 VERBOSE pypuller.py 838 11420 output of cli 'uptime' looks:
 20:52:34 up 13:05,  2 users,  load average: 0.00, 0.01, 0.05

Tue 07 Mar 2017 23:52:33 DEBUG pypuller.py 454 11420 append to file /home/pings/pypuller_logs/10.85.19.197
Tue 07 Mar 2017 23:52:33 INFO pypuller.py 843 11420 <---thread "uptime" exited (0.48 sec).
Tue 07 Mar 2017 23:52:33 VERBOSE pypuller.py 838 13608 output of cli 'uptime' looks:
 20:52:34 up 13:05,  1 user,  load average: 0.00, 0.01, 0.03

Tue 07 Mar 2017 23:52:33 DEBUG pypuller.py 454 13608 append to file /home/pings/pypuller_logs/10.85.19.199
Tue 07 Mar 2017 23:52:33 INFO pypuller.py 843 13608 <---thread "uptime" exited (0.49 sec).
Tue 07 Mar 2017 23:52:33 VERBOSE pypuller.py 838 12756 output of cli 'df -h' looks:
Filesystem                   Size  Used Avail Use% Mounted on
/dev/mapper/ubuntu--vg-root   87G  1.3G   81G   2% /
none                         4.0K     0  4.0K   0% /sys/fs/cgroup
udev                          16G  4.0K   16G   1% /dev
tmpfs                        3.2G  688K  3.2G   1% /run
none                         5.0M     0  5.0M   0% /run/lock
none                          16G     0   16G   0% /run/shm
none                         100M     0  100M   0% /run/user
/dev/sda1                    236M   38M  186M  17% /boot

Tue 07 Mar 2017 23:52:33 DEBUG pypuller.py 454 12756 append to file /home/pings/pypuller_logs/10.85.19.198
Tue 07 Mar 2017 23:52:33 INFO pypuller.py 843 12756 <---thread "df -h" exited (0.51 sec).
Tue 07 Mar 2017 23:52:33 VERBOSE pypuller.py 838 11420 output of cli 'df -h' looks:
Filesystem                   Size  Used Avail Use% Mounted on
/dev/mapper/ubuntu--vg-root   87G  3.8G   79G   5% /
none                         4.0K     0  4.0K   0% /sys/fs/cgroup
udev                          16G  4.0K   16G   1% /dev
tmpfs                        3.2G  700K  3.2G   1% /run
none                         5.0M     0  5.0M   0% /run/lock
none                          16G     0   16G   0% /run/shm
none                         100M     0  100M   0% /run/user
/dev/sda1                    236M   38M  186M  17% /boot

Tue 07 Mar 2017 23:52:33 DEBUG pypuller.py 454 11420 append to file /home/pings/pypuller_logs/10.85.19.197
Tue 07 Mar 2017 23:52:33 INFO pypuller.py 843 11420 <---thread "df -h" exited (0.58 sec).
Tue 07 Mar 2017 23:52:33 DEBUG pypuller.py 1283 11420 Worker-1 try to get a task...
Tue 07 Mar 2017 23:52:33 DEBUG pypuller.py 1286 11420 Worker-1:got a (next) task:None from tasks queue
Tue 07 Mar 2017 23:52:33 DEBUG pypuller.py 1289 11420 Worker-1: got a None task, Exiting
Tue 07 Mar 2017 23:52:33 INFO pypuller.py 1306 11420 <===Process Worker-1 exited (2.01 sec).
Tue 07 Mar 2017 23:52:33 VERBOSE pypuller.py 838 13608 output of cli 'df -h' looks:
Filesystem                   Size  Used Avail Use% Mounted on
/dev/mapper/ubuntu--vg-root   87G  1.3G   81G   2% /
none                         4.0K     0  4.0K   0% /sys/fs/cgroup
udev                          16G  4.0K   16G   1% /dev
tmpfs                        3.2G  684K  3.2G   1% /run
none                         5.0M     0  5.0M   0% /run/lock
none                          16G     0   16G   0% /run/shm
none                         100M     0  100M   0% /run/user
/dev/sda1                    236M   38M  186M  17% /boot

Tue 07 Mar 2017 23:52:33 DEBUG pypuller.py 454 13608 append to file /home/pings/pypuller_logs/10.85.19.199
Tue 07 Mar 2017 23:52:33 INFO pypuller.py 843 13608 <---thread "df -h" exited (0.59 sec).
Tue 07 Mar 2017 23:52:33 DEBUG pypuller.py 1283 13608 Worker-3 try to get a task...
Tue 07 Mar 2017 23:52:33 DEBUG pypuller.py 1286 13608 Worker-3:got a (next) task:None from tasks queue
Tue 07 Mar 2017 23:52:33 DEBUG pypuller.py 1289 13608 Worker-3: got a None task, Exiting
Tue 07 Mar 2017 23:52:33 INFO pypuller.py 1306 13608 <===Process Worker-3 exited (1.74 sec).
Tue 07 Mar 2017 23:52:33 DEBUG pypuller.py 1283 12756 Worker-2 try to get a task...
Tue 07 Mar 2017 23:52:33 DEBUG pypuller.py 1286 12756 Worker-2:got a (next) task:None from tasks queue
Tue 07 Mar 2017 23:52:33 DEBUG pypuller.py 1289 12756 Worker-2: got a None task, Exiting
Tue 07 Mar 2017 23:52:33 INFO pypuller.py 1306 12756 <===Process Worker-2 exited (1.92 sec).
Tue 07 Mar 2017 23:52:33 INFO pypuller.py 1477 12324 hosts scan result saved to: ./host-lists.txt.result
Tue 07 Mar 2017 23:52:33 DEBUG pypuller.py 454 12324 write to file ./host-lists.txt.result
Tue 07 Mar 2017 23:52:33 DEBUG pypuller.py 454 12324 append to file ./host-lists.txt.result
Tue 07 Mar 2017 23:52:33 DEBUG pypuller.py 454 12324 append to file ./host-lists.txt.result
Tue 07 Mar 2017 23:52:33 DEBUG pypuller.py 454 12324 append to file ./host-lists.txt.result
Tue 07 Mar 2017 23:52:33 DEBUG pypuller.py 454 12324 append to file ./host-lists.txt.result
Tue 07 Mar 2017 23:52:33 WARNING pypuller.py 1489 12324 hosts scan result statistics:
 {'connected': ['10.85.19.197', '10.85.19.199', '10.85.19.198'],
 'failed': [],
 'scanned': ['10.85.19.197', '10.85.19.199', '10.85.19.198']}
Tue 07 Mar 2017 23:52:33 INFO pypuller.py 1497 12324 ====Task MainProcess runs 2.30 seconds.
